  pe12-3a.c
  pe12-2a.c
  diceroll.c
  91111.c
  91110.c
  91109.c
  91108.c
  91107.c
  91106.c
  91105.c
  91104.c
  91103.c
  91102.c
  91101.c
  81109.c
  81107.c
  81106.c
  81105.c
  81104.c
  81103.c
  正在生成代码...
  正在编译...
  81102.c
  81101.c
  71211.c
  71210.c
  71209.c
  71208.c
  71207.c
  71206.c
  71205.c
  71204.c
  71203.c
  71202.c
  71201.c
  61618.c
  61617.c
  61616.c
  61615.c
  61614.c
  61613.c
  61612.c
  正在生成代码...
  正在编译...
  61611.c
  61610.c
  61609.c
  61608.c
  61607.c
  61606.c
  61605.c
  61604.c
  61603.c
  61602.c
  61601.c
  51109.c
  51108.c
  51107.c
  51106.c
  51105.c
  51104.c
  51103.c
  51102.c
  51101.c
  正在生成代码...
  正在编译...
  48008.c
  48007.c
  48006.c
  48005.c
  48004.c
  48003.c
  48002.c
  48001.c
  31108.c
  31107.c
  31106.c
  31105.c
  31104.c
  31103.c
  31102.c
  31101.c
  21208.c
  21207.c
  21206.c
  21205.c
  正在生成代码...
  正在编译...
  21204.c
  21203.c
  21202.c
  21201.c
  150907.c
  150906.c
  150905.c
  150904.c
  150903.c
  150902.c
  150901.c
  141811.c
  141810.c
  141809.c
  141808.c
  141807.c
  141806.c
  141805.c
  141804.c
  141803.c
  正在生成代码...
  正在编译...
  141802.c
  141801.c
  131112.c
  131111.c
  131110.c
  131109.c
  131108.c
  131107a.c
  131106.c
  131105.c
  131104.c
  131103.c
  131102.c
  131101.c
  131107b.c
  120909.c
  120908.c
  120907.c
  120906.c
  120905.c
  正在生成代码...
  正在编译...
  120904.c
  120903.c
  120901.c
  11301.c
  111316.c
  111315.c
  111314.c
  111313.c
  111312.c
  111311.c
  111310.c
  111309.c
  111308.c
  111307.c
  111306.c
  111305.c
  111304.c
  111303.c
  111302.c
  111301.c
  正在生成代码...
  正在编译...
  101314.c
  101313.c
  101312.c
  101311.c
  101310.c
  101309.c
  101308.c
  101307.c
  101306.c
  101305.c
  101304.c
  101303.c
  101302.c
  101301.c
  120902.c
  正在生成代码...
  tv.cpp
  Exercises.vcxproj -> C:\Users\Administrator\Desktop\exercises\x64\Debug\Exercises.exe
  Exercises.vcxproj -> C:\Users\Administrator\Desktop\exercises\x64\Debug\Exercises.pdb (Partial PDB)
